=================================>>> 
[INFO] [1557698455.161895]: -------------------------------->>> 
=================================>>> 
[INFO] [1557698455.168354]: -------------------------------->>> 
=================================>>> 
[INFO] [1557698455.173325]: -------------------------------->>> 
=================================>>> 
[INFO] [1557698455.184488]: -------------------------------->>> 
=================================>>> 
[INFO] [1557698455.186017]: -------------------------------->>> 
=================================>>> 
[INFO] [1557698455.186303]: -------------------------------->>> 
=================================>>> 
[INFO] [1557698455.186489]: -------------------------------->>> 
=================================>>> 
[INFO] [1557698456.929865]: -------------------------------->>> 
=================================>>> 
[INFO] [1557698456.938257]: -------------------------------->>> 
=================================>>> 
[INFO] [1557698456.938757]: -------------------------------->>> 
... logging to /root/.ros/log/1310bcf0-7501-11e9-ae18-0242ac110002/roslaunch-aac8dfbc64d0-1972.log
Checking log directory for disk usage. This may take awhile.
Press Ctrl-C to interrupt
Done checking log file disk usage. Usage is <1GB.
]2;launch/styx.launch
[1mstarted roslaunch server http://aac8dfbc64d0:46657/[0m

SUMMARY
========

PARAMETERS
 * /dbw_node/accel_limit: 1.0
 * /dbw_node/brake_deadband: 0.2
 * /dbw_node/decel_limit: -5.0
 * /dbw_node/fuel_capacity: 0.0
 * /dbw_node/max_lat_accel: 3.0
 * /dbw_node/max_steer_angle: 8.0
 * /dbw_node/steer_ratio: 14.8
 * /dbw_node/vehicle_mass: 1080.0
 * /dbw_node/wheel_base: 3
 * /dbw_node/wheel_radius: 0.335
 * /pure_pursuit/linear_interpolate_mode: True
 * /rosdistro: kinetic
 * /rosversion: 1.12.14
 * /tl_detector/debug_mode: True
 * /tl_detector/model_file: frozen_inference_...
 * /traffic_light_config: <...>
 * /waypoint_loader/path: /capstone/ros/src...
 * /waypoint_loader/velocity: 40

NODES
  /
    dbw_node (twist_controller/dbw_node.py)
    pure_pursuit (waypoint_follower/pure_pursuit)
    styx_server (styx/server.py)
    tl_detector (tl_detector/tl_detector.py)
    unity_simulator (styx/unity_simulator_launcher.sh)
    waypoint_loader (waypoint_loader/waypoint_loader.py)
    waypoint_updater (waypoint_updater/waypoint_updater.py)

[1mROS_MASTER_URI=http://localhost:11311[0m
]2;launch/styx.launch http://localhost:11311
[1mprocess[styx_server-1]: started with pid [1989][0m
[1mprocess[unity_simulator-2]: started with pid [1990][0m
[1m[unity_simulator-2] process has finished cleanly
log file: /root/.ros/log/1310bcf0-7501-11e9-ae18-0242ac110002/unity_simulator-2*.log[0m
[1mprocess[dbw_node-3]: started with pid [1995][0m
[1mprocess[waypoint_loader-4]: started with pid [1999][0m
[1mprocess[pure_pursuit-5]: started with pid [2000][0m
[1mprocess[waypoint_updater-6]: started with pid [2005][0m
[1mprocess[tl_detector-7]: started with pid [2088][0m
[tl_detector-7] killing on exit
[waypoint_updater-6] killing on exit
[pure_pursuit-5] killing on exit
[waypoint_loader-4] killing on exit
[dbw_node-3] killing on exit
[styx_server-1] killing on exit
shutting down processing monitor...
... shutting down processing monitor complete
[1mdone[0m
